0 info it worked if it ends with ok
1 verbose cli [ '/usr/local/Cellar/node/5.0.0/bin/node',
1 verbose cli   '/usr/local/bin/npm',
1 verbose cli   'run',
1 verbose cli   'tsc' ]
2 info using npm@3.3.9
3 info using node@v5.0.0
4 verbose run-script [ 'pretsc', 'tsc', 'posttsc' ]
5 info lifecycle imaimiami.github.io@1.0.0~pretsc: imaimiami.github.io@1.0.0
6 silly lifecycle imaimiami.github.io@1.0.0~pretsc: no script for pretsc, continuing
7 info lifecycle imaimiami.github.io@1.0.0~tsc: imaimiami.github.io@1.0.0
8 verbose lifecycle imaimiami.github.io@1.0.0~tsc: unsafe-perm in lifecycle true
9 verbose lifecycle imaimiami.github.io@1.0.0~tsc: PATH: /usr/local/lib/node_modules/npm/bin/node-gyp-bin:/Users/imaimiami/workspace/imaimiami.github.io/node_modules/.bin:/Users/imaimiami/google-cloud-sdk/bin:/usr/local/heroku/bin:/Users/imaimiami/.rbenv/shims:/usr/local/bin:/usr/bin:/bin:/usr/sbin:/sbin:/opt/X11/bin:/Applications/Postgres.app/Contents/Versions/9.4/bin
10 verbose lifecycle imaimiami.github.io@1.0.0~tsc: CWD: /Users/imaimiami/workspace/imaimiami.github.io
11 silly lifecycle imaimiami.github.io@1.0.0~tsc: Args: [ '-c', 'tsc -p js -w' ]
12 silly lifecycle imaimiami.github.io@1.0.0~tsc: Returned: code: 1  signal: null
13 info lifecycle imaimiami.github.io@1.0.0~tsc: Failed to exec tsc script
14 verbose stack Error: imaimiami.github.io@1.0.0 tsc: `tsc -p js -w`
14 verbose stack Exit status 1
14 verbose stack     at EventEmitter.<anonymous> (/usr/local/lib/node_modules/npm/lib/utils/lifecycle.js:233:16)
14 verbose stack     at emitTwo (events.js:87:13)
14 verbose stack     at EventEmitter.emit (events.js:172:7)
14 verbose stack     at ChildProcess.<anonymous> (/usr/local/lib/node_modules/npm/lib/utils/spawn.js:24:14)
14 verbose stack     at emitTwo (events.js:87:13)
14 verbose stack     at ChildProcess.emit (events.js:172:7)
14 verbose stack     at maybeClose (internal/child_process.js:818:16)
14 verbose stack     at Process.ChildProcess._handle.onexit (internal/child_process.js:211:5)
15 verbose pkgid imaimiami.github.io@1.0.0
16 verbose cwd /Users/imaimiami/workspace/imaimiami.github.io
17 error Darwin 15.3.0
18 error argv "/usr/local/Cellar/node/5.0.0/bin/node" "/usr/local/bin/npm" "run" "tsc"
19 error node v5.0.0
20 error npm  v3.3.9
21 error code ELIFECYCLE
22 error imaimiami.github.io@1.0.0 tsc: `tsc -p js -w`
22 error Exit status 1
23 error Failed at the imaimiami.github.io@1.0.0 tsc script 'tsc -p js -w'.
23 error This is most likely a problem with the imaimiami.github.io package,
23 error not with npm itself.
23 error Tell the author that this fails on your system:
23 error     tsc -p js -w
23 error You can get their info via:
23 error     npm owner ls imaimiami.github.io
23 error There is likely additional logging output above.
24 verbose exit [ 1, true ]
